25-05-12 corrupt
2025-05-12 00:01:01 3141440|0.1|Passenger core
2025-05-12 00:02:01 3141440|0.1|Passenger core
2025-05-12 00:03:01 3141440|0.1|Passenger core
2025-05-12 00:04:01 3141440|0.1|Passenger core
2025-05-12 00:05:02 3141440|0.1|Passenger core
2025-05-12 00:06:01 3141440|0.1|Passenger core
2025-05-12 00:07:01 3141440|0.1|Passenger core
2025-05-12 00:08:01 3141440|0.1|Passenger core
2025-05-12 00:09:01 3141440|0.1|Passenger core
2025-05-12 00:10:02 3260488|3.0|/usr/lib/systemd/systemd --user||3260476|1.0|/usr/bin/sh /usr/libexec/pcp/bin/pmlogger_daily -E||3141440|0.1|Passenger core
2025-05-12 00:11:01 3141440|0.1|Passenger core
2025-05-12 00:12:01 3141440|0.1|Passenger core
2025-05-12 00:13:01 3141440|0.1|Passenger core
2025-05-12 00:14:01 3141440|0.1|Passenger core
2025-05-12 00:15:01 3141440|0.1|Passenger core
2025-05-12 00:16:01 3141440|0.1|Passenger core
2025-05-12 00:17:01 3141440|0.1|Passenger core
2025-05-12 00:18:01 3141440|0.1|Passenger core
2025-05-12 00:19:01 3141440|0.1|Passenger core
2025-05-12 00:20:01 3141440|0.1|Passenger core
2025-05-12 00:21:01 3141440|0.1|Passenger core
2025-05-12 00:22:01 3141440|0.1|Passenger core
2025-05-12 00:23:02 3261557|3.0|/usr/lib/systemd/systemd --user||3141440|0.1|Passenger core
2025-05-12 00:24:01 3141440|0.1|Passenger core
2025-05-12 00:25:01 3141440|0.1|Passenger core
2025-05-12 00:26:01 3141440|0.1|Passenger core
2025-05-12 00:27:01 3141440|0.1|Passenger core||3262461|0.1|sshd: [accepted]
2025-05-12 00:28:01 3141440|0.1|Passenger core
2025-05-12 00:29:01 3141440|0.1|Passenger core
2025-05-12 00:30:01 3141440|0.1|Passenger core
2025-05-12 00:31:01 3141440|0.1|Passenger core
2025-05-12 00:32:01 3141440|0.1|Passenger core
2025-05-12 00:33:01 3141440|0.1|Passenger core
2025-05-12 00:34:01 3141440|0.1|Passenger core
2025-05-12 00:35:02 3262949|3.0|/usr/lib/systemd/systemd --user||3141440|0.1|Passenger core
2025-05-12 00:36:01 3141440|0.1|Passenger core
2025-05-12 00:37:01 3141440|0.1|Passenger core
2025-05-12 00:38:01 3141440|0.1|Passenger core
2025-05-12 00:39:01 3141440|0.1|Passenger core
2025-05-12 00:40:01 3141440|0.1|Passenger core
2025-05-12 00:41:02 3263302|3.0|/usr/lib/systemd/systemd --user||3141440|0.1|Passenger core
2025-05-12 00:42:01 3141440|0.1|Passenger core
2025-05-12 00:43:01 3141440|0.1|Passenger core
2025-05-12 00:44:01 3141440|0.1|Passenger core
2025-05-12 00:45:01 3141440|0.1|Passenger core
2025-05-12 00:46:01 3141440|0.1|Passenger core
2025-05-12 00:47:01 3141440|0.1|Passenger core
2025-05-12 00:48:02 3141440|0.1|Passenger core
2025-05-12 00:49:01 3141440|0.1|Passenger core
2025-05-12 00:50:01 3141440|0.1|Passenger core
2025-05-12 00:51:01 3141440|0.1|Passenger core
2025-05-12 00:52:01 3141440|0.1|Passenger core
2025-05-12 00:53:01 3141440|0.1|Passenger core
2025-05-12 00:54:02 3264081|3.0|/usr/lib/systemd/systemd --user||3141440|0.1|Passenger core
2025-05-12 00:55:01 3141440|0.1|Passenger core
2025-05-12 00:56:01 3141440|0.1|Passenger core
2025-05-12 00:57:01 3141440|0.1|Passenger core
2025-05-12 00:58:01 3141440|0.1|Passenger core
2025-05-12 00:59:01 3141440|0.1|Passenger core
2025-05-12 01:00:02 3141440|0.1|Passenger core
2025-05-12 01:01:01 3141440|0.1|Passenger core
