2025-04-25 14:25:01 768 287 285 480 232 279
2025-04-25 14:26:02 768 287 285 480 232 279
2025-04-25 14:27:01 768 287 286 480 232 279
2025-04-25 14:28:01 768 286 286 481 232 279
2025-04-25 14:29:01 768 286 286 481 232 279
2025-04-25 14:30:01 768 287 285 480 232 279
2025-04-25 14:31:01 768 288 284 479 232 279
2025-04-25 14:32:01 768 286 286 481 232 279
2025-04-25 14:33:01 768 287 284 480 232 279
2025-04-25 14:34:02 768 287 285 480 232 279
2025-04-25 14:35:01 768 287 285 480 232 279
2025-04-25 14:36:01 768 290 282 477 232 279
2025-04-25 14:37:01 768 286 285 481 232 279
2025-04-25 14:38:01 corrupt
2025-04-25 14:39:01 768 287 285 480 232 279
2025-04-25 14:40:01 768 286 285 481 232 279
2025-04-25 14:41:01 768 286 285 481 232 279
2025-04-25 14:42:02 768 288 283 480 232 279
2025-04-25 14:43:01 768 288 283 479 232 279
2025-04-25 14:44:01 768 287 284 480 232 279
2025-04-25 14:45:01 768 287 284 480 232 279
2025-04-25 14:46:01 768 290 281 478 232 279
2025-04-25 14:47:01 768 291 280 476 232 279
2025-04-25 14:48:01 768 287 283 480 232 279
2025-04-25 14:49:02 768 287 284 480 232 279
2025-04-25 14:50:01 768 287 283 480 232 279
2025-04-25 14:51:01 768 287 283 480 232 279
2025-04-25 14:52:01 768 286 284 481 232 279
2025-04-25 14:53:01 768 286 284 481 232 279
2025-04-25 14:54:01 768 287 283 480 232 279
2025-04-25 14:55:01 768 287 283 480 232 279
2025-04-25 14:56:01 768 287 283 480 232 279
2025-04-25 14:57:02 768 368 175 399 232 279
2025-04-25 14:58:01 768 311 232 456 232 279
2025-04-25 14:59:01 768 290 253 477 232 279
2025-04-25 15:00:01 768 290 253 477 232 279
2025-04-25 15:01:01 768 289 254 478 232 279
2025-04-25 15:02:01 768 291 252 476 232 279
2025-04-25 15:03:02 768 293 250 474 232 279
2025-04-25 15:04:01 768 290 253 477 232 279
2025-04-25 15:05:01 768 287 256 480 232 279
2025-04-25 15:06:01 768 290 253 477 232 279
2025-04-25 15:07:01 768 289 254 478 232 279
2025-04-25 15:08:01 768 288 255 479 232 279
2025-04-25 15:09:01 768 292 250 475 232 279
2025-04-25 15:10:01 768 292 250 475 232 279
2025-04-25 15:11:02 768 289 253 478 232 279
2025-04-25 15:12:01 768 291 251 476 232 279
2025-04-25 15:13:01 768 291 252 476 232 279
2025-04-25 15:14:01 768 289 253 478 232 279
2025-04-25 15:15:01 768 290 252 477 232 279
2025-04-25 15:16:01 768 288 254 479 232 279
2025-04-25 15:17:01 768 288 254 479 232 279
2025-04-25 15:18:01 768 289 253 479 232 279
2025-04-25 15:19:02 768 289 252 478 232 279
2025-04-25 15:20:01 768 289 253 478 232 279
2025-04-25 15:21:01 768 289 252 478 232 279
2025-04-25 15:22:01 768 289 252 478 232 279
2025-04-25 15:23:01 768 288 254 479 232 279
2025-04-25 15:24:01 768 288 253 479 232 279
2025-04-25 15:25:01 768 293 249 474 232 279
