2025-04-25 14:27:01 768 248 386 519 346 165
2025-04-25 14:28:01 768 245 389 522 346 165
2025-04-25 14:29:02 768 244 390 523 346 165
2025-04-25 14:30:01 768 243 390 524 346 165

2025-04-25 14:31:01 768 242 391 525 346 165
2025-04-25 14:32:01 768 243 390 524 346 165
2025-04-25 14:33:01 768 244 389 523 346 165
2025-04-25 14:34:02 768 247 386 520 346 165
2025-04-25 14:35:01 768 243 390 524 346 165
2025-04-25 14:36:01 768 245 388 522 346 165
2025-04-25 14:37:01 768 242 391 525 346 165
2025-04-25 14:38:01 768 246 387 521 346 165
2025-04-25 14:39:02 768 249 384 518 346 165
2025-04-25 14:40:01 768 246 386 521 346 165
2025-04-25 14:41:01 768 248 385 519 343 168
2025-04-25 14:42:01 768 248 384 519 343 168
2025-04-25 14:43:01 768 250 382 517 343 168
2025-04-25 14:44:02 768 246 386 521 343 168
2025-04-25 14:45:01 768 248 384 519 343 168
2025-04-25 14:46:01 768 247 385 520 343 168
2025-04-25 14:47:01 768 248 384 519 342 169
2025-04-25 14:48:01 768 247 385 520 342 169
2025-04-25 14:49:02 768 247 385 520 342 169
2025-04-25 14:50:01 768 250 382 517 342 169
2025-04-25 14:51:01 768 251 381 516 342 169
2025-04-25 14:52:01 768 247 385 520 342 169
2025-04-25 14:53:01 768 248 383 519 342 169
2025-04-25 14:54:02 768 248 383 519 342 169
2025-04-25 14:55:01 768 253 378 514 342 169
2025-04-25 14:56:01 768 249 382 518 342 169
2025-04-25 14:57:01 768 248 383 519 342 169
2025-04-25 14:58:01 768 248 383 519 342 169
2025-04-25 14:59:02 768 251 380 516 342 169
2025-04-25 15:00:01 768 248 382 519 342 169
2025-04-25 15:01:01 768 246 384 521 342 169
2025-04-25 15:02:01 768 249 381 518 342 169
2025-04-25 15:03:01 768 250 381 517 342 169
2025-04-25 15:04:02 768 246 384 521 342 169
2025-04-25 15:05:01 768 248 383 519 342 169
2025-04-25 15:06:01 768 249 381 518 342 169
2025-04-25 15:07:01 768 249 381 518 342 169
2025-04-25 15:08:01 768 249 381 518 342 169
2025-04-25 15:09:02 768 249 380 518 342 169
2025-04-25 15:10:01 768 252 378 516 341 170
2025-04-25 15:11:01 768 248 382 520 341 170
2025-04-25 15:12:01 768 250 380 517 341 170
2025-04-25 15:13:02 768 250 379 517 341 170
2025-04-25 15:14:01 768 278 271 489 341 170
2025-04-25 15:15:01 768 278 271 489 341 170
2025-04-25 15:16:01 768 257 292 510 341 170
2025-04-25 15:17:01 768 252 297 515 341 170
2025-04-25 15:18:02 768 251 298 516 341 170
2025-04-25 15:19:01 768 249 299 518 341 170
2025-04-25 15:20:01 768 250 299 517 341 170
2025-04-25 15:21:01 768 252 297 515 341 170
2025-04-25 15:22:02 768 251 298 517 341 170
2025-04-25 15:23:01 768 252 296 515 341 170
2025-04-25 15:24:01 768 252 296 515 341 170
2025-04-25 15:25:01 768 255 293 512 341 170
