2025-05-11 23:00:01 708637|72.6|Passenger AppPreloader: /var/www/me.api/current||708662|1.3|/usr/lib/systemd/systemd-hostnamed||565114|0.4|Passenger core
2025-05-11 23:01:01 708637|3.6|Passenger AppPreloader: /var/www/me.api/current||565114|0.4|Passenger core||708784|0.4|Passenger RubyApp: /var/www/me.api/current (production)||708806|0.4|Passenger RubyApp: /var/www/me.api/current (production)
2025-05-11 23:02:01 708637|1.8|Passenger AppPreloader: /var/www/me.api/current||565114|0.4|Passenger core||708784|0.2|Passenger RubyApp: /var/www/me.api/current (production)||708806|0.2|Passenger RubyApp: /var/www/me.api/current (production)
2025-05-11 23:03:01 708637|1.2|Passenger AppPreloader: /var/www/me.api/current||565114|0.4|Passenger core||708784|0.1|Passenger RubyApp: /var/www/me.api/current (production)||708806|0.1|Passenger RubyApp: /var/www/me.api/current (production)
2025-05-11 23:04:02 709171|3.0|/usr/lib/systemd/systemd --user||708637|0.9|Passenger AppPreloader: /var/www/me.api/current||565114|0.4|Passenger core||708784|0.1|Passenger RubyApp: /var/www/me.api/current (production)||708806|0.1|Passenger RubyApp: /var/www/me.api/current (production)
2025-05-11 23:05:01 708637|0.7|Passenger AppPreloader: /var/www/me.api/current||565114|0.4|Passenger core

2025-05-11 23:06:01 565114|0.4|Passenger core
2025-05-11 23:07:01 565114|0.4|Passenger core
2025-05-11 23:08:01 565114|0.4|Passenger core
2025-05-11 23:09:01 565114|0.4|Passenger core
2025-05-11 23:10:02 565114|0.4|Passenger core
2025-05-11 23:11:01 565114|0.4|Passenger core
2025-05-11 23:12:02 709858|4.0|/usr/lib/systemd/systemd --user||corrupt
2025-05-11 23:13:01 565114|0.4|Passenger core
2025-05-11 23:14:01 565114|0.4|Passenger core
2025-05-11 23:15:01 565114|0.4|Passenger core
2025-05-11 23:16:01 565114|0.4|Passenger core
2025-05-11 23:17:01 710243|3.0|/usr/lib/systemd/systemd --user||565114|0.4|Passenger core
2025-05-11 23:18:01 565114|0.4|Passenger core
2025-05-11 23:19:01 565114|0.4|Passenger core
2025-05-11 23:20:01 710448|8.9|Passenger AppPreloader: /var/www/me.api/current||710552|1.2|Passenger RubyApp: /var/www/me.api/current (production)||565114|0.4|Passenger core||710473|0.1|/usr/lib/systemd/systemd-hostnamed
2025-05-11 23:21:01 710448|2.6|Passenger AppPreloader: /var/www/me.api/current||565114|0.4|Passenger core||710552|0.3|Passenger RubyApp: /var/www/me.api/current (production)
2025-05-11 23:22:01 710448|1.5|Passenger AppPreloader: /var/www/me.api/current||565114|0.4|Passenger core||710552|0.1|Passenger RubyApp: /var/www/me.api/current (production)
2025-05-11 23:23:02 710808|19.0|Passenger AppPreloader: /var/www/me.sj/current||710941|3.0|/usr/lib/systemd/systemd --user||710448|1.0|Passenger AppPreloader: /var/www/me.api/current||710911|0.8|Passenger RubyApp: /var/www/me.sj/current (production)||565114|0.4|Passenger core||710833|0.2|/usr/lib/systemd/systemd-hostnamed||710552|0.1|Passenger RubyApp: /var/www/me.api/current (production)
2025-05-11 23:24:01 710808|3.2|Passenger AppPreloader: /var/www/me.sj/current||710448|0.8|Passenger AppPreloader: /var/www/me.api/current||565114|0.4|Passenger core||710552|0.1|Passenger RubyApp: /var/www/me.api/current (production)||710911|0.1|Passenger RubyApp: /var/www/me.sj/current (production)
2025-05-11 23:25:01 710808|1.7|Passenger AppPreloader: /var/www/me.sj/current||565114|0.4|Passenger core
2025-05-11 23:26:01 710808|1.1|Passenger AppPreloader: /var/www/me.sj/current||565114|0.4|Passenger core
2025-05-11 23:27:01 711864|5.6|Passenger AppPreloader: /var/www/me.api/current||712021|4.0|/usr/lib/systemd/systemd --user||710808|0.9|Passenger AppPreloader: /var/www/me.sj/current||711967|0.7|Passenger RubyApp: /var/www/me.api/current (production)||565114|0.4|Passenger core
2025-05-11 23:28:01 711864|2.3|Passenger AppPreloader: /var/www/me.api/current||565114|0.4|Passenger core||711967|0.2|Passenger RubyApp: /var/www/me.api/current (production)
2025-05-11 23:29:01 711864|1.4|Passenger AppPreloader: /var/www/me.api/current||565114|0.4|Passenger core||711967|0.1|Passenger RubyApp: /var/www/me.api/current (production)
2025-05-11 23:30:01 711864|1.0|Passenger AppPreloader: /var/www/me.api/current||565114|0.4|Passenger core||711967|0.1|Passenger RubyApp: /var/www/me.api/current (production)
2025-05-11 23:31:01 711864|0.8|Passenger AppPreloader: /var/www/me.api/current||565114|0.4|Passenger core
2025-05-11 23:32:01 565114|0.4|Passenger core
2025-05-11 23:33:02 712468|4.0|/usr/lib/systemd/systemd --user||565114|0.4|Passenger core
2025-05-11 23:34:01 565114|0.4|Passenger core
2025-05-11 23:35:01 565114|0.4|Passenger core
2025-05-11 23:36:01 565114|0.4|Passenger core
2025-05-11 23:37:01 565114|0.4|Passenger core
2025-05-11 23:38:02 712835|4.0|/usr/lib/systemd/systemd --user||565114|0.4|Passenger core
2025-05-11 23:39:01 565114|0.4|Passenger core
2025-05-11 23:40:01 565114|0.4|Passenger core
2025-05-11 23:41:01 565114|0.4|Passenger core
2025-05-11 23:42:01 565114|0.4|Passenger core
2025-05-11 23:43:02 713214|3.0|/usr/lib/systemd/systemd --user||565114|0.4|Passenger core
2025-05-11 23:44:01 565114|0.4|Passenger core
2025-05-11 23:45:01 565114|0.4|Passenger core
2025-05-11 23:46:01 565114|0.4|Passenger core
2025-05-11 23:47:01 565114|0.4|Passenger core
2025-05-11 23:48:01 565114|0.4|Passenger core
2025-05-11 23:49:02 713649|4.0|/usr/lib/systemd/systemd --user||565114|0.4|Passenger core
2025-05-11 23:50:01 565114|0.4|Passenger core
2025-05-11 23:51:01 565114|0.4|Passenger core
2025-05-11 23:52:01 565114|0.4|Passenger core
2025-05-11 23:53:01 565114|0.4|Passenger core
2025-05-11 23:54:02 714018|4.0|/usr/lib/systemd/systemd --user||565114|0.4|Passenger core
2025-05-11 23:55:01 565114|0.4|Passenger core
2025-05-11 23:56:01 565114|0.4|Passenger core
2025-05-11 23:57:01 565114|0.4|Passenger core
2025-05-11 23:58:01 565114|0.4|Passenger core
2025-05-11 23:59:02 715044|4.0|/usr/lib/systemd/systemd --user||565114|0.4|Passenger core
