2025-04-25 14:25:01 1774 843 560 931 115 396
2025-04-25 14:26:01 1774 843 560 931 115 396
2025-04-25 14:27:01 1774 842 561 932 115 396
2025-04-25 14:28:01 1774 842 560 931 115 396
2025-04-25 14:29:01 1774 842 560 931 115 396
2025-04-25 14:30:01 1774 843 560 931 115 396
2025-04-25 14:31:01 1774 842 560 931 115 396
2025-04-25 14:32:01 1774 838 564 935 115 396
2025-04-25 14:33:01 1774 838 564 935 115 396
2025-04-25 14:34:02 1774 839 563 935 115 396
2025-04-25 14:35:01 1774 845 557 929 115 396
2025-04-25 14:35:01 1774 845 557 929 115 396
2025-04-25 14:36:01 1774 858 536 915 115 396
2025-04-25 14:37:01 1774 845 471 928 115 396
2025-04-25 14:38:01 1774 846 470 927 115 396
2025-04-25 14:39:01 1774 845 470 928 115 396
2025-04-25 14:40:01 1774 846 470 928 115 396
2025-04-25 14:41:01 1774 847 468 926 115 396
2025-04-25 14:42:01 1774 847 468 926 115 396
2025-04-25 14:43:01 1774 846 470 928 115 396
2025-04-25 14:44:01 1774 846 469 927 115 396
2025-04-25 14:45:01 1774 842 473 931 115 396
2025-04-25 14:46:01 1774 840 475 933 115 396
2025-04-25 14:47:01 1774 840 475 933 115 396
2025-04-25 14:48:02 1774 840 475 933 115 396
2025-04-25 14:49:01 1774 889 355 885 115 396
2025-04-25 14:50:01 1774 880 363 893 115 396
2025-04-25 14:51:01 1774 855 388 918 115 396
2025-04-25 14:52:01 1774 842 401 932 115 396
2025-04-25 14:53:01 1774 839 404 935 115 396
2025-04-25 14:54:02 1774 841 402 932 115 396
2025-04-25 14:55:01 1774 841 401 932 115 396
2025-04-25 14:56:01 1774 841 402 932 115 396
2025-04-25 14:57:01 1774 841 402 932 115 396
2025-04-25 14:58:01 1774 951 291 822 115 396
2025-04-25 14:59:01 1774 950 293 824 115 396
2025-04-25 15:00:02 1774 948 294 826 115 396
2025-04-25 15:01:01 1774 948 294 826 115 396
2025-04-25 15:02:01 1774 951 291 823 115 396
2025-04-25 15:03:01 1774 875 367 899 115 396
2025-04-25 15:04:01 1774 861 381 913 115 396
2025-04-25 15:05:01 1774 847 395 927 114 397
2025-04-25 15:06:01 1774 847 395 927 114 397
2025-04-25 15:07:02 1774 845 396 928 114 397
2025-04-25 15:08:01 1774 848 393 925 114 397
2025-04-25 15:09:01 1774 844 397 929 114 397
2025-04-25 15:10:01 1774 844 397 929 114 397
2025-04-25 15:11:01 1774 845 396 929 114 397
2025-04-25 15:12:01 1774 845 396 928 114 397
2025-04-25 15:13:02 1774 845 395 928 114 397
2025-04-25 15:14:01 1774 845 396 929 114 397
2025-04-25 15:15:01 1774 844 396 929 114 397
2025-04-25 15:16:01 1774 844 397 930 114 397
2025-04-25 15:17:01 1774 843 398 931 114 397
2025-04-25 15:18:01 1774 845 396 929 114 397
2025-04-25 15:19:01 1774 842 398 932 114 397
2025-04-25 15:20:02 1774 842 398 931 114 397
2025-04-25 15:21:01 1774 842 398 932 114 397
2025-04-25 15:22:01 1774 842 398 931 114 397
2025-04-25 15:23:01 1774 843 397 931 114 397
2025-04-25 15:24:01 1774 842 397 931 114 397
