2025-05-11 23:00:01 675805|0.1|Passenger core
2025-05-11 23:01:01 675805|0.1|Passenger core
2025-05-11 23:02:01 675805|0.1|Passenger core
2025-05-11 23:03:01 675805|0.1|Passenger core
2025-05-11 23:04:01 675805|0.1|Passenger core
2025-05-11 23:05:02 675805|0.1|Passenger core
2025-05-11 23:06:01 675805|0.1|Passenger core
2025-05-11 23:07:01 675805|0.1|Passenger core
2025-05-11 23:08:01 675805|0.1|Passenger core
2025-05-11 23:09:01 675805|0.1|Passenger core
2025-05-11 23:10:01 675805|0.1|Passenger core
2025-05-11 23:11:01 675805|0.1|Passenger core
2025-05-11 23:12:01 675805|0.1|Passenger core
2025-05-11 23:13:01 675805|0.1|Passenger core
2025-05-11 23:14:02 777343|107|/usr/bin/python3.9 /usr/bin/dnf makecache --timer||675805|0.1|Passenger core
2025-05-11 23:15:01 675805|0.1|Passenger core
2025-05-11 23:16:01 675805|0.1|Passenger core
2025-05-11 23:17:01 675805|0.1|Passenger core
2025-05-11 23:18:01 675805|0.1|Passenger core
2025-05-11 23:19:01 675805|0.1|Passenger core
2025-05-11 23:20:01 675805|0.1|Passenger core
2025-05-11 23:21:01 675805|0.1|Passenger core
2025-05-11 23:22:01 675805|0.1|Passenger core
2025-05-11 23:23:01 675805|0.1|Passenger core
2025-05-11 23:24:02 675805|0.1|Passenger core
2025-05-11 23:25:01 778008|1.0|/usr/bin/sh /usr/libexec/pcp/bin/pmlogger_check --skip-primary||675805|0.1|Passenger core
2025-05-11 23:26:01 675805|0.1|Passenger core
2025-05-11 23:27:01 675805|0.1|Passenger core
2025-05-11 23:28:01 675805|0.1|Passenger core
2025-05-11 23:29:01 675805|0.1|Passenger core
2025-05-11 23:30:01 675805|0.1|Passenger core
2025-05-11 23:31:01 779002|8.5|/usr/libexec/packagekitd||780579|4.5|/usr/libexec/cockpit-pcp||778983|2.4|/usr/bin/python3 /usr/bin/cockpit-bridge||779000|1.4|/usr/bin/python3 /bin/cockpit-bridge --privileged||778969|0.6|/usr/libexec/cockpit-ws --for-tls-proxy --port=0||778962|0.3|/usr/libexec/cockpit-tls||675805|0.1|Passenger core||779009|0.1|/usr/lib/systemd/systemd-timedated
2025-05-11 23:32:01 779002|2.8|/usr/libexec/packagekitd||780656|1.0|/usr/sbin/CROND -n||778969|0.2|/usr/libexec/cockpit-ws --for-tls-proxy --port=0||675805|0.1|Passenger core||778962|0.1|/usr/libexec/cockpit-tls
2025-05-11 23:33:02 779002|1.7|/usr/libexec/packagekitd||675805|0.1|Passenger core
2025-05-11 23:34:01 779002|1.2|/usr/libexec/packagekitd||675805|0.1|Passenger core
2025-05-11 23:35:01 779002|0.9|/usr/libexec/packagekitd||675805|0.1|Passenger core
2025-05-11 23:36:01 675805|0.1|Passenger core
2025-05-11 23:37:01 675805|0.1|Passenger core
2025-05-11 23:38:01 675805|0.1|Passenger core
2025-05-11 23:39:01 675805|0.1|Passenger core
2025-05-11 23:40:01 675805|0.1|Passenger core
2025-05-11 23:41:01 675805|0.1|Passenger core
2025-05-11 23:42:01 675805|0.1|Passenger core
2025-05-11 23:43:01 675805|0.1|Passenger core
2025-05-11 23:44:02 675805|0.1|Passenger core
2025-05-11 23:45:01 781321|0.3|sshd: [accepted]||675805|0.1|Passenger core
2025-05-11 23:46:01 675805|0.1|Passenger core
2025-05-11 23:47:01 675805|0.1|Passenger core
2025-05-11 23:48:01 781475|0.2|/usr/libexec/nm-dispatcher||675805|0.1|Passenger core
2025-05-11 23:49:01 675805|0.1|Passenger core
2025-05-11 23:50:01 675805|0.1|Passenger core
2025-05-11 23:51:01 675805|0.1|Passenger core
2025-05-11 23:52:01 675805|0.1|Passenger core
2025-05-11 23:53:01 781743|0.2|postgres: sanichi rek_production [local] idle||675805|0.1|Passenger core
2025-05-11 23:54:02 675805|0.1|Passenger core
2025-05-11 23:55:01 675805|0.1|Passenger core
2025-05-11 23:56:01 675805|0.1|Passenger core
2025-05-11 23:57:01 675805|0.1|Passenger core
2025-05-11 23:58:01 675805|0.1|Passenger core
2025-05-11 23:59:01 675805|0.1|Passenger core
